<?xml version="1.0" encoding="UTF-8" standalone="yes" ?>
<test-results name="C:\DEV\dmvcframework\unittests\general\Several\bin64\DMVCFrameworkTests.exe" total="468" errors="0" failures="0" ignored="0" inconclusive="0" not-run="0" skipped="0" invalid="0" date="2023-07-19" time="34.337">
  <culture-info current-culture="en" current-uiculture="en" />
  <test-suite type="Assembly" name="DMVCFrameworkTests.exe" executed="true" result="Success" success="True" time="34.337" asserts="0">
    <results>
        <test-suite type="Namespace" name="FrameworkTestsU" executed="true" result="Success" success="True" time="34.337" asserts="0" >
          <results>
              <test-suite type="Fixture" name="TTestLRUCache" executed="True" result="Success" success="True" time="34.337" >
                <results>
                  <test-case name="TestPutGet" executed="True" result="Success" success="True" time="0.000" asserts="0" >
                    <categories>
                      <category name="lru" />
                    </categories>
                  </test-case>
                  <test-case name="TestPutGet_Check_No_AV" executed="True" result="Success" success="True" time="6.777" asserts="0" >
                    <categories>
                      <category name="lru" />
                    </categories>
                  </test-case>
                </results>
              </test-suite>
          </results>
        </test-suite>
        <test-suite type="Fixture" name="TTestNameCase" executed="True" result="Success" success="True" time="27.560" >
          <results>
            <test-case name="TestNameCase" executed="True" result="Success" success="True" time="0.000" asserts="0" />
            <test-case name="TestSnakeCase.LowerCase" executed="True" result="Success" success="True" time="0.000" asserts="0" />
            <test-case name="TestSnakeCase.LowerCaseWithUnderline" executed="True" result="Success" success="True" time="0.000" asserts="0" />
            <test-case name="TestSnakeCase.UpperCase" executed="True" result="Success" success="True" time="0.000" asserts="0" />
            <test-case name="TestSnakeCase.UpperCaseWithUnderline" executed="True" result="Success" success="True" time="0.000" asserts="0" />
            <test-case name="TestSnakeCase.PascalCase" executed="True" result="Success" success="True" time="0.000" asserts="0" />
            <test-case name="TestSnakeCase.CamelCase" executed="True" result="Success" success="True" time="0.000" asserts="0" />
            <test-case name="TestSnakeCase.UPPERLower1" executed="True" result="Success" success="True" time="0.000" asserts="0" />
            <test-case name="TestSnakeCase.UPPERLower2" executed="True" result="Success" success="True" time="0.000" asserts="0" />
            <test-case name="TestSnakeCase.UPPERLower3" executed="True" result="Success" success="True" time="0.000" asserts="0" />
            <test-case name="TestSnakeCase.UPPERLower4" executed="True" result="Success" success="True" time="0.000" asserts="0" />
            <test-case name="TestSnakeCase.UPPERLowerWithNumber1" executed="True" result="Success" success="True" time="0.000" asserts="0" />
            <test-case name="TestSnakeCase.UPPERLowerWithNumber2" executed="True" result="Success" success="True" time="0.000" asserts="0" />
            <test-case name="TestSnakeCase.WithSpaces1" executed="True" result="Success" success="True" time="0.000" asserts="0" />
            <test-case name="TestSnakeCase.WithSpaces2" executed="True" result="Success" success="True" time="0.000" asserts="0" />
            <test-case name="TestSnakeCase.WithSpaces3" executed="True" result="Success" success="True" time="0.000" asserts="0" />
            <test-case name="TestSnakeCase.WithDots1" executed="True" result="Success" success="True" time="0.000" asserts="0" />
            <test-case name="TestSnakeCase.WithDots2" executed="True" result="Success" success="True" time="0.000" asserts="0" />
            <test-case name="TestSnakeCase.WithDots3" executed="True" result="Success" success="True" time="0.000" asserts="0" />
            <test-case name="TestSnakeCase.WithUnderlines" executed="True" result="Success" success="True" time="0.000" asserts="0" />
            <test-case name="TestSnakeCase.MultipleUnderlines" executed="True" result="Success" success="True" time="0.000" asserts="0" />
            <test-case name="TestSnakeCase.WithNumber1" executed="True" result="Success" success="True" time="0.000" asserts="0" />
            <test-case name="TestSnakeCase.WithNumber02" executed="True" result="Success" success="True" time="0.000" asserts="0" />
            <test-case name="TestSnakeCase.WithNumberInTheMiddle1" executed="True" result="Success" success="True" time="0.000" asserts="0" />
            <test-case name="TestSnakeCase.WithNumberInTheMiddle2" executed="True" result="Success" success="True" time="0.000" asserts="0" />
            <test-case name="TestSnakeCase.WithNumberInTheMiddle3" executed="True" result="Success" success="True" time="0.000" asserts="0" />
            <test-case name="TestSnakeCase.WithNumberInTheMiddle4" executed="True" result="Success" success="True" time="0.000" asserts="0" />
            <test-case name="TestSnakeCase.WithNumberInTheMiddle5" executed="True" result="Success" success="True" time="0.000" asserts="0" />
            <test-case name="TestSnakeCase.WithNumberInTheMiddle6" executed="True" result="Success" success="True" time="0.000" asserts="0" />
            <test-case name="TestSnakeCase.WithNumberInTheMiddle7" executed="True" result="Success" success="True" time="0.000" asserts="0" />
            <test-case name="TestSnakeCase.WithNumberInTheMiddle8" executed="True" result="Success" success="True" time="0.000" asserts="0" />
          </results>
        </test-suite>
        <test-suite type="Namespace" name="RESTAdapterTestsU" executed="true" result="Success" success="True" time="27.558" asserts="0" >
          <results>
              <test-suite type="Fixture" name="TTestRESTAdapter" executed="True" result="Success" success="True" time="27.558" >
                <results>
                  <test-case name="TestGetPeople" executed="True" result="Success" success="True" time="0.011" asserts="0" />
                  <test-case name="TestGetPeopleAsynch" executed="True" result="Success" success="True" time="0.002" asserts="0" />
                  <test-case name="TestGetTonyStark" executed="True" result="Success" success="True" time="0.002" asserts="0" />
                  <test-case name="TestGetTonyStarkAsynch" executed="True" result="Success" success="True" time="0.001" asserts="0" />
                  <test-case name="TestPostPerson" executed="True" result="Success" success="True" time="0.001" asserts="0" />
                  <test-case name="TestGetPersonByID" executed="True" result="Success" success="True" time="0.001" asserts="0" />
                  <test-case name="TestHeadersApplicationJSON" executed="True" result="Success" success="True" time="0.001" asserts="0" />
                  <test-case name="TestHeadersTextPlain" executed="True" result="Success" success="True" time="0.001" asserts="0" />
                  <test-case name="TestApplicationJSONWithHeaderTextPlain" executed="True" result="Success" success="True" time="0.002" asserts="0" />
                  <test-case name="TestGetPersonInJSONArray" executed="True" result="Success" success="True" time="0.001" asserts="0" />
                </results>
              </test-suite>
          </results>
        </test-suite>
        <test-suite type="Fixture" name="TTestUTC" executed="True" result="Success" success="True" time="27.531" >
          <results>
            <test-case name="TestStringToDateTime_Local" executed="True" result="Success" success="True" time="0.000" asserts="0" />
            <test-case name="TestStringToDateTime_in_DST_period" executed="True" result="Success" success="True" time="0.000" asserts="0" />
            <test-case name="TestStringToDateTime_in_no_DST_period" executed="True" result="Success" success="True" time="0.000" asserts="0" />
            <test-case name="TestStringToDateTime_NewYork" executed="True" result="Success" success="True" time="0.000" asserts="0" />
            <test-case name="TestStringToDateTime_Mumbai" executed="True" result="Success" success="True" time="0.000" asserts="0" />
          </results>
        </test-suite>
        <test-suite type="Namespace" name="ActiveRecordTestsU" executed="true" result="Success" success="True" time="27.530" asserts="0" >
          <results>
              <test-suite type="Fixture" name="TTestActiveRecordPostgreSQL" executed="True" result="Success" success="True" time="27.530" >
                <results>
                  <test-case name="TestCRUD" executed="True" result="Success" success="True" time="0.018" asserts="0" />
                  <test-case name="TestRefresh" executed="True" result="Success" success="True" time="0.004" asserts="0" />
                  <test-case name="Test_ISSUE485" executed="True" result="Success" success="True" time="0.006" asserts="0" />
                  <test-case name="TestDeleteIfNotFound" executed="True" result="Success" success="True" time="0.005" asserts="0" />
                  <test-case name="TestUpdateIfNotFound" executed="True" result="Success" success="True" time="0.003" asserts="0" />
                  <test-case name="TestCRUDWithSpaces" executed="True" result="Success" success="True" time="0.012" asserts="0" />
                  <test-case name="TestCRUDWithGUID" executed="True" result="Success" success="True" time="0.013" asserts="0" />
                  <test-case name="TestCRUDWithTableChange" executed="True" result="Success" success="True" time="0.009" asserts="0" />
                  <test-case name="TestCRUDStringPK" executed="True" result="Success" success="True" time="0.011" asserts="0" />
                  <test-case name="TestSelectWithExceptions" executed="True" result="Success" success="True" time="0.012" asserts="0" />
                  <test-case name="TestStore" executed="True" result="Success" success="True" time="0.005" asserts="0" />
                  <test-case name="TestLifeCycle" executed="True" result="Success" success="True" time="0.004" asserts="0" />
                  <test-case name="TestRQL" executed="True" result="Success" success="True" time="1.130" asserts="0" />
                  <test-case name="TestRQLWithMVCNameAsAttribute" executed="True" result="Success" success="True" time="0.585" asserts="0" />
                  <test-case name="TestRQLWithBoolean" executed="True" result="Success" success="True" time="0.008" asserts="0" />
                  <test-case name="TestRQLWithDateTime" executed="True" result="Success" success="True" time="0.512" asserts="0" />
                  <test-case name="TestRQLWithGUID" executed="True" result="Success" success="True" time="0.419" asserts="0" />
                  <test-case name="TestRQLLimit" executed="True" result="Success" success="True" time="0.565" asserts="0" />
                  <test-case name="TestIssue424" executed="True" result="Success" success="True" time="0.471" asserts="0" />
                  <test-case name="TestMultiThreading" executed="True" result="Success" success="True" time="0.484" asserts="0" />
                  <test-case name="TestNullables" executed="True" result="Success" success="True" time="0.010" asserts="0" />
                  <test-case name="TestMergeWhenNewRecords" executed="True" result="Success" success="True" time="0.049" asserts="0" />
                  <test-case name="TestMergeWhenNewDeletedRecords" executed="True" result="Success" success="True" time="0.032" asserts="0" />
                  <test-case name="TestMergeWhenChangedRecords" executed="True" result="Success" success="True" time="0.063" asserts="0" />
                  <test-case name="TestMergeWhenMixedRecords" executed="True" result="Success" success="True" time="0.063" asserts="0" />
                  <test-case name="TestDefaultFilteringSelectByRQL" executed="True" result="Success" success="True" time="0.006" asserts="0" />
                  <test-case name="TestDefaultFilteringSelectOneByRQL" executed="True" result="Success" success="True" time="0.008" asserts="0" />
                  <test-case name="TestDefaultFilteringCount" executed="True" result="Success" success="True" time="0.006" asserts="0" />
                  <test-case name="TestDefaultFilteringCountByRQL" executed="True" result="Success" success="True" time="0.003" asserts="0" />
                  <test-case name="TestDefaultFilteringDeleteByRQL" executed="True" result="Success" success="True" time="0.005" asserts="0" />
                  <test-case name="TestDefaultFilteringDelete" executed="True" result="Success" success="True" time="0.007" asserts="0" />
                  <test-case name="TestDefaultFilteringGetByPK" executed="True" result="Success" success="True" time="0.008" asserts="0" />
                  <test-case name="TestPartitioningCRUD" executed="True" result="Success" success="True" time="0.006" asserts="0" />
                  <test-case name="TestPartitioningSelectByWhere" executed="True" result="Success" success="True" time="0.004" asserts="0" />
                  <test-case name="TestPartitioningSelectByRQL" executed="True" result="Success" success="True" time="0.006" asserts="0" />
                  <test-case name="TestPartitioningSelectOneByRQL" executed="True" result="Success" success="True" time="0.006" asserts="0" />
                  <test-case name="TestPartitioningCount" executed="True" result="Success" success="True" time="0.004" asserts="0" />
                  <test-case name="TestPartitioningCountByRQL" executed="True" result="Success" success="True" time="0.004" asserts="0" />
                  <test-case name="TestPartitioningDeleteByRQL" executed="True" result="Success" success="True" time="0.006" asserts="0" />
                  <test-case name="TestPartitioningDelete" executed="True" result="Success" success="True" time="0.006" asserts="0" />
                  <test-case name="TestPartitioningGetByPK" executed="True" result="Success" success="True" time="0.007" asserts="0" />
                </results>
              </test-suite>
          </results>
        </test-suite>
        <test-suite type="Namespace" name="LiveServerTestU" executed="true" result="Success" success="True" time="15.195" asserts="0" >
          <results>
              <test-suite type="Fixture" name="TServerTest" executed="True" result="Success" success="True" time="15.195" >
                <results>
                  <test-case name="TestControllerWithExceptionInCreate.request url /fault" executed="True" result="Success" success="True" time="0.003" asserts="0" />
                  <test-case name="TestControllerWithExceptionInCreate.request url /fault2" executed="True" result="Success" success="True" time="0.003" asserts="0" />
                  <test-case name="TestMultiMVCPathOnControllerAndAction.url &quot;/&quot;" executed="True" result="Success" success="True" time="0.002" asserts="0" />
                  <test-case name="TestMultiMVCPathOnControllerAndAction.url &quot;/action1&quot;" executed="True" result="Success" success="True" time="0.003" asserts="0" />
                  <test-case name="TestMultiMVCPathOnControllerAndAction.url &quot;/action2&quot;" executed="True" result="Success" success="True" time="0.004" asserts="0" />
                  <test-case name="TestMultiMVCPathOnControllerAndAction.url &quot;/api/v1&quot;" executed="True" result="Success" success="True" time="0.003" asserts="0" />
                  <test-case name="TestMultiMVCPathOnControllerAndAction.url &quot;/api/v1/action1&quot;" executed="True" result="Success" success="True" time="0.004" asserts="0" />
                  <test-case name="TestMultiMVCPathOnControllerAndAction.url &quot;/api/v1/action2&quot;" executed="True" result="Success" success="True" time="0.002" asserts="0" />
                  <test-case name="TestMultiMVCPathOnControllerAndAction.url &quot;/api/v2&quot;" executed="True" result="Success" success="True" time="0.003" asserts="0" />
                  <test-case name="TestMultiMVCPathOnControllerAndAction.url &quot;/api/v2/action1&quot;" executed="True" result="Success" success="True" time="0.002" asserts="0" />
                  <test-case name="TestMultiMVCPathOnControllerAndAction.url &quot;/api/v2/action2&quot;" executed="True" result="Success" success="True" time="0.004" asserts="0" />
                  <test-case name="TestReqWithParams" executed="True" result="Success" success="True" time="0.032" asserts="0" />
                  <test-case name="TestReqWithURLMappedParams.1" executed="True" result="Success" success="True" time="0.002" asserts="0" />
                  <test-case name="TestReqWithURLMappedParams.2" executed="True" result="Success" success="True" time="0.002" asserts="0" />
                  <test-case name="TestReqWithURLMappedParams.3" executed="True" result="Success" success="True" time="0.002" asserts="0" />
                  <test-case name="TestReqWithURLMappedParams.4" executed="True" result="Success" success="True" time="0.002" asserts="0" />
                  <test-case name="TestReqWithURLMappedParams.5" executed="True" result="Success" success="True" time="0.002" asserts="0" />
                  <test-case name="TestReqWithURLMappedParams.6" executed="True" result="Success" success="True" time="0.002" asserts="0" />
                  <test-case name="TestReqWithURLMappedParams.7" executed="True" result="Success" success="True" time="0.002" asserts="0" />
                  <test-case name="TestReqWithURLMappedParams.8" executed="True" result="Success" success="True" time="0.002" asserts="0" />
                  <test-case name="TestPOSTWithParamsAndJSONBody" executed="True" result="Success" success="True" time="0.002" asserts="0" />
                  <test-case name="TestPOSTWithObjectJSONBody" executed="True" result="Success" success="True" time="0.002" asserts="0" />
                  <test-case name="TestCustomerEcho" executed="True" result="Success" success="True" time="0.018" asserts="0" />
                  <test-case name="TestCustomerEchoWithRootNode" executed="True" result="Success" success="True" time="0.005" asserts="0" />
                  <test-case name="TestEchoWithAllVerbs" executed="True" result="Success" success="True" time="0.017" asserts="0" />
                  <test-case name="TestCustomerEchoBodyFor" executed="True" result="Success" success="True" time="0.018" asserts="0" />
                  <test-case name="TestPOSTWithoutContentType" executed="True" result="Success" success="True" time="0.002" asserts="0" />
                  <test-case name="TestXHTTPMethodOverride_POST_as_PUT" executed="True" result="Success" success="True" time="0.002" asserts="0" />
                  <test-case name="TestPUTWithParamsAndJSONBody" executed="True" result="Success" success="True" time="0.001" asserts="0" />
                  <test-case name="TestCookies" executed="True" result="Success" success="True" time="0.001" asserts="0" />
                  <test-case name="TestSessionWithLogin" executed="True" result="Success" success="True" time="0.003" asserts="0" />
                  <test-case name="TestSession" executed="True" result="Success" success="True" time="0.009" asserts="0" />
                  <test-case name="TestInvalidateSession" executed="True" result="Success" success="True" time="0.004" asserts="0" />
                  <test-case name="TestAsynchRequestPOST" executed="True" result="Success" success="True" time="0.003" asserts="0" />
                  <test-case name="TestAsynchRequestPUT" executed="True" result="Success" success="True" time="0.002" asserts="0" />
                  <test-case name="TestAsynchRequestGET" executed="True" result="Success" success="True" time="0.002" asserts="0" />
                  <test-case name="TestAsynchRequestDELETE" executed="True" result="Success" success="True" time="0.002" asserts="0" />
                  <test-case name="TestEncodingRenderJSONValue" executed="True" result="Success" success="True" time="0.002" asserts="0" />
                  <test-case name="TestRenderWrappedList" executed="True" result="Success" success="True" time="0.002" asserts="0" />
                  <test-case name="TestObjectDictIgnoredFields" executed="True" result="Success" success="True" time="0.009" asserts="0" />
                  <test-case name="TestObjectDictIgnoredFieldsWithDataSets" executed="True" result="Success" success="True" time="0.031" asserts="0" />
                  <test-case name="TestRenderActionInCollections" executed="True" result="Success" success="True" time="0.002" asserts="0" />
                  <test-case name="TestRenderWrappedListWithCompression" executed="True" result="Success" success="True" time="0.046" asserts="0" />
                  <test-case name="TestRenderStreamAndFreeWithOwnerFalse" executed="True" result="Success" success="True" time="0.003" asserts="0" />
                  <test-case name="TestRenderStreamAndFreeWithOwnerTrue" executed="True" result="Success" success="True" time="0.002" asserts="0" />
                  <test-case name="TestObjectDict" executed="True" result="Success" success="True" time="0.013" asserts="0" />
                  <test-case name="TestGetImagePng" executed="True" result="Success" success="True" time="0.150" asserts="0" />
                  <test-case name="TestProducesConsumes01" executed="True" result="Success" success="True" time="0.004" asserts="0" />
                  <test-case name="TestProducesConsumes02" executed="True" result="Success" success="True" time="0.007" asserts="0" />
                  <test-case name="TestProducesConsumes03" executed="True" result="Success" success="True" time="0.003" asserts="0" />
                  <test-case name="TestProducesConsumesWithWrongAcceptHeader" executed="True" result="Success" success="True" time="0.002" asserts="0" />
                  <test-case name="TestExceptionInMVCAfterCreate" executed="True" result="Success" success="True" time="0.002" asserts="0" />
                  <test-case name="TestExceptionInMVCBeforeDestroy" executed="True" result="Success" success="True" time="0.003" asserts="0" />
                  <test-case name="TestActionFiltersOnBeforeAction" executed="True" result="Success" success="True" time="0.004" asserts="0" />
                  <test-case name="TestMiddlewareSpeedMiddleware" executed="True" result="Success" success="True" time="0.002" asserts="0" />
                  <test-case name="TestMiddlewareHandler" executed="True" result="Success" success="True" time="0.001" asserts="0" />
                  <test-case name="TestPostAListOfObjects" executed="True" result="Success" success="True" time="0.149" asserts="0" />
                  <test-case name="TestBasicAuth01" executed="True" result="Success" success="True" time="0.005" asserts="0" />
                  <test-case name="TestEntityWithArrays" executed="True" result="Success" success="True" time="0.005" asserts="0" />
                  <test-case name="TestEntityWithEmptyArrays" executed="True" result="Success" success="True" time="0.003" asserts="0" />
                  <test-case name="TestEntityWithGUIDs" executed="True" result="Success" success="True" time="0.002" asserts="0" />
                  <test-case name="TestEntityWithGUIDsEcho" executed="True" result="Success" success="True" time="0.005" asserts="0" />
                  <test-case name="TestBasicAuth02" executed="True" result="Success" success="True" time="0.003" asserts="0" />
                  <test-case name="TestBasicAuth03" executed="True" result="Success" success="True" time="0.002" asserts="0" />
                  <test-case name="TestBasicAuth04" executed="True" result="Success" success="True" time="0.006" asserts="0" />
                  <test-case name="TestBasicAuth05" executed="True" result="Success" success="True" time="0.012" asserts="0" />
                  <test-case name="TestCustomAuthRequestWithoutLogin" executed="True" result="Success" success="True" time="0.005" asserts="0" />
                  <test-case name="TestCustomAuthRequestsWithValidLogin" executed="True" result="Success" success="True" time="0.005" asserts="0" />
                  <test-case name="TestCustomAuthRequestsWithValidLogin_HTML" executed="True" result="Success" success="True" time="0.006" asserts="0" />
                  <test-case name="TestCustomAuthWrongRequestBodies" executed="True" result="Success" success="True" time="0.006" asserts="0" />
                  <test-case name="TestCustomAuthLoginLogout" executed="True" result="Success" success="True" time="0.002" asserts="0" />
                  <test-case name="TestTypedString1" executed="True" result="Success" success="True" time="0.014" asserts="0" />
                  <test-case name="TestTypedInteger1" executed="True" result="Success" success="True" time="0.002" asserts="0" />
                  <test-case name="TestTypedInt641" executed="True" result="Success" success="True" time="0.002" asserts="0" />
                  <test-case name="TestTypedSingle1" executed="True" result="Success" success="True" time="0.002" asserts="0" />
                  <test-case name="TestTypedDouble1" executed="True" result="Success" success="True" time="0.002" asserts="0" />
                  <test-case name="TestTypedExtended1" executed="True" result="Success" success="True" time="0.002" asserts="0" />
                  <test-case name="TestTypedAll" executed="True" result="Success" success="True" time="0.002" asserts="0" />
                  <test-case name="TestTypedDateTimeTypes" executed="True" result="Success" success="True" time="0.021" asserts="0" >
                    <categories>
                      <category name="datetime" />
                    </categories>
                  </test-case>
                  <test-case name="TestTypedDateTimeTypes_UTC" executed="True" result="Success" success="True" time="0.005" asserts="0" >
                    <categories>
                      <category name="datetime" />
                    </categories>
                  </test-case>
                  <test-case name="TestTypedBooleans" executed="True" result="Success" success="True" time="0.002" asserts="0" />
                  <test-case name="TestTypedTGuid1" executed="True" result="Success" success="True" time="0.005" asserts="0" />
                  <test-case name="TestStringDictionary" executed="True" result="Success" success="True" time="0.004" asserts="0" />
                  <test-case name="TestWrongJSONBody" executed="True" result="Success" success="True" time="0.002" asserts="0" />
                  <test-case name="TestTypedIntegerWrongParam1" executed="True" result="Success" success="True" time="0.002" asserts="0" />
                  <test-case name="TestEMVCException1" executed="True" result="Success" success="True" time="0.003" asserts="0" >
                    <categories>
                      <category name="renders" />
                      <category name="exceptions" />
                    </categories>
                  </test-case>
                  <test-case name="TestEMVCException2" executed="True" result="Success" success="True" time="0.002" asserts="0" >
                    <categories>
                      <category name="renders" />
                      <category name="exceptions" />
                    </categories>
                  </test-case>
                  <test-case name="TestEMVCException3" executed="True" result="Success" success="True" time="0.002" asserts="0" >
                    <categories>
                      <category name="renders" />
                      <category name="exceptions" />
                    </categories>
                  </test-case>
                  <test-case name="TestEMVCException4" executed="True" result="Success" success="True" time="0.002" asserts="0" >
                    <categories>
                      <category name="renders" />
                      <category name="exceptions" />
                    </categories>
                  </test-case>
                  <test-case name="TestDeserializeNullablesWithValue" executed="True" result="Success" success="True" time="0.003" asserts="0" />
                  <test-case name="TestDeserializeNullablesWithNulls" executed="True" result="Success" success="True" time="0.002" asserts="0" />
                  <test-case name="TestSerializeAndDeserializeNullables" executed="True" result="Success" success="True" time="0.005" asserts="0" />
                  <test-case name="TestSerializeAndDeserializeNullables_ISSUE_362" executed="True" result="Success" success="True" time="0.000" asserts="0" />
                  <test-case name="TestSerializeAndDeserializeNullables_Passing_Integers_InsteadOf_Floats" executed="True" result="Success" success="True" time="0.000" asserts="0" />
                  <test-case name="TestResponseCreated" executed="True" result="Success" success="True" time="0.002" asserts="0" />
                  <test-case name="TestResponseNoContent" executed="True" result="Success" success="True" time="0.002" asserts="0" />
                  <test-case name="TestResponseAccepted" executed="True" result="Success" success="True" time="0.002" asserts="0" />
                  <test-case name="TestDirectoryTraversal1" executed="True" result="Success" success="True" time="0.074" asserts="0" >
                    <categories>
                      <category name="staticfiles" />
                    </categories>
                  </test-case>
                  <test-case name="TestDirectoryTraversal2" executed="True" result="Success" success="True" time="0.127" asserts="0" >
                    <categories>
                      <category name="staticfiles" />
                    </categories>
                  </test-case>
                  <test-case name="TestDirectoryRedirect" executed="True" result="Success" success="True" time="0.004" asserts="0" >
                    <categories>
                      <category name="staticfiles" />
                    </categories>
                  </test-case>
                  <test-case name="TestFileWithFolderName" executed="True" result="Success" success="True" time="0.027" asserts="0" >
                    <categories>
                      <category name="staticfiles" />
                    </categories>
                  </test-case>
                  <test-case name="TestSPASupport" executed="True" result="Success" success="True" time="0.099" asserts="0" >
                    <categories>
                      <category name="staticfiles" />
                    </categories>
                  </test-case>
                  <test-case name="TestGetInject10" executed="True" result="Success" success="True" time="0.003" asserts="0" >
                    <categories>
                      <category name="Injected" />
                    </categories>
                  </test-case>
                  <test-case name="TestGetInject20" executed="True" result="Success" success="True" time="0.002" asserts="0" >
                    <categories>
                      <category name="Injected" />
                    </categories>
                  </test-case>
                  <test-case name="TestPostInject30" executed="True" result="Success" success="True" time="0.003" asserts="0" >
                    <categories>
                      <category name="Injected" />
                    </categories>
                  </test-case>
                  <test-case name="TestPostInject40" executed="True" result="Success" success="True" time="0.002" asserts="0" >
                    <categories>
                      <category name="Injected" />
                    </categories>
                  </test-case>
                  <test-case name="TestPostInject50" executed="True" result="Success" success="True" time="0.003" asserts="0" >
                    <categories>
                      <category name="Injected" />
                    </categories>
                  </test-case>
                  <test-case name="TestViewDataViewDataSet" executed="True" result="Success" success="True" time="0.003" asserts="0" />
                  <test-case name="TestFuncActionGetSingleRecord" executed="True" result="Success" success="True" time="0.023" asserts="0" />
                  <test-case name="TestFuncActionGetMultipleRecords" executed="True" result="Success" success="True" time="0.003" asserts="0" />
                  <test-case name="TestFuncActionGetDatasetSingle" executed="True" result="Success" success="True" time="0.004" asserts="0" />
                  <test-case name="TestFuncActionGetDatasetMultiple" executed="True" result="Success" success="True" time="0.003" asserts="0" />
                  <test-case name="TestFuncActionGetComplexObject" executed="True" result="Success" success="True" time="0.002" asserts="0" />
                  <test-case name="TestIssue406" executed="True" result="Success" success="True" time="0.001" asserts="0" >
                    <categories>
                      <category name="renders" />
                    </categories>
                  </test-case>
                  <test-case name="TestIssue542" executed="True" result="Success" success="True" time="0.021" asserts="0" />
                </results>
              </test-suite>
          </results>
        </test-suite>
        <test-suite type="Namespace" name="StandaloneServerTestU" executed="true" result="Success" success="True" time="13.994" asserts="0" >
          <results>
              <test-suite type="Fixture" name="TTestServerContainer" executed="True" result="Success" success="True" time="13.994" >
                <results>
                  <test-case name="TestListener" executed="True" result="Success" success="True" time="0.002" asserts="0" />
                  <test-case name="TestListenerContext" executed="True" result="Success" success="True" time="0.001" asserts="0" />
                  <test-case name="TestServerListenerAndClient" executed="True" result="Success" success="True" time="0.002" asserts="0" />
                </results>
              </test-suite>
          </results>
        </test-suite>
        <test-suite type="Fixture" name="TTestJWT" executed="True" result="Success" success="True" time="13.988" >
          <results>
            <test-case name="TestHMAC" executed="True" result="Success" success="True" time="0.000" asserts="0" />
            <test-case name="TestStorage" executed="True" result="Success" success="True" time="0.000" asserts="0" />
            <test-case name="TestCreateAndValidateToken" executed="True" result="Success" success="True" time="0.000" asserts="0" />
            <test-case name="TestLoadToken" executed="True" result="Success" success="True" time="0.000" asserts="0" />
            <test-case name="TestNotBefore" executed="True" result="Success" success="True" time="0.001" asserts="0" />
            <test-case name="TestExpirationTime" executed="True" result="Success" success="True" time="0.000" asserts="0" />
            <test-case name="TestIssuedAt" executed="True" result="Success" success="True" time="0.000" asserts="0" />
            <test-case name="TestDefaults" executed="True" result="Success" success="True" time="0.000" asserts="0" />
          </results>
        </test-suite>
        <test-suite type="Namespace" name="JSONRPCTestsU" executed="true" result="Success" success="True" time="13.988" asserts="0" >
          <results>
              <test-suite type="Fixture" name="TTestJSONRPC" executed="True" result="Success" success="True" time="13.988" >
                <results>
                  <test-case name="TestRequestWithArrayParameters" executed="True" result="Success" success="True" time="0.000" asserts="0" />
                  <test-case name="TestRequestWithNamedParameters" executed="True" result="Success" success="True" time="0.000" asserts="0" />
                  <test-case name="TestRequestWithMixedParamaters" executed="True" result="Success" success="True" time="0.000" asserts="0" />
                  <test-case name="TestRequestWithNoParameters" executed="True" result="Success" success="True" time="0.000" asserts="0" />
                  <test-case name="TestRequestWithMalformedJSON" executed="True" result="Success" success="True" time="0.000" asserts="0" />
                  <test-case name="TestNotificationWithNoParameters" executed="True" result="Success" success="True" time="0.000" asserts="0" />
                  <test-case name="TestIssue595" executed="True" result="Success" success="True" time="0.000" asserts="0" />
                </results>
              </test-suite>
          </results>
        </test-suite>
        <test-suite type="Fixture" name="TTestDotEnvParser" executed="True" result="Success" success="True" time="13.987" >
          <results>
            <test-case name="TestKeyValue" executed="True" result="Success" success="True" time="0.000" asserts="0" />
            <test-case name="TestKeyValueWithQuotedValues" executed="True" result="Success" success="True" time="0.000" asserts="0" />
            <test-case name="TestValueWithMultiline" executed="True" result="Success" success="True" time="0.000" asserts="0" />
            <test-case name="TestVarPlaceHolders" executed="True" result="Success" success="True" time="0.000" asserts="0" />
            <test-case name="TestInLineComments" executed="True" result="Success" success="True" time="0.000" asserts="0" />
          </results>
        </test-suite>
        <test-suite type="Fixture" name="TJSONRPCServerWithGETTest" executed="True" result="Success" success="True" time="13.987" >
          <categories>
            <category name="jsonrpc" />
          </categories>
          <results>
            <test-case name="TestRequestWithoutParams" executed="True" result="Success" success="True" time="0.002" asserts="0" >
              <categories>
                <category name="jsonrpc" />
              </categories>
            </test-case>
            <test-case name="TestNotificationWithoutParams" executed="True" result="Success" success="True" time="0.004" asserts="0" >
              <categories>
                <category name="jsonrpc" />
              </categories>
            </test-case>
            <test-case name="TestNotificationWhichRaisesError" executed="True" result="Success" success="True" time="0.003" asserts="0" >
              <categories>
                <category name="jsonrpc" />
              </categories>
            </test-case>
            <test-case name="TestRequestToNotFoundMethod" executed="True" result="Success" success="True" time="0.026" asserts="0" >
              <categories>
                <category name="jsonrpc" />
              </categories>
            </test-case>
            <test-case name="TestRequestWithParams_I_I_ret_I" executed="True" result="Success" success="True" time="0.005" asserts="0" >
              <categories>
                <category name="jsonrpc" />
              </categories>
            </test-case>
            <test-case name="TestRequestWithNamedParams_I_I_ret_I" executed="True" result="Success" success="True" time="0.004" asserts="0" >
              <categories>
                <category name="jsonrpc" />
              </categories>
            </test-case>
            <test-case name="TestRequestWithParams_I_I_I_ret_O" executed="True" result="Success" success="True" time="0.006" asserts="0" >
              <categories>
                <category name="jsonrpc" />
              </categories>
            </test-case>
            <test-case name="TestRequestWithNamedParams_I_I_I_ret_O" executed="True" result="Success" success="True" time="0.006" asserts="0" >
              <categories>
                <category name="jsonrpc" />
              </categories>
            </test-case>
            <test-case name="TestRequestWithWrongNamedParams" executed="True" result="Success" success="True" time="0.002" asserts="0" >
              <categories>
                <category name="jsonrpc" />
              </categories>
            </test-case>
            <test-case name="TestRequest_S_I_ret_S" executed="True" result="Success" success="True" time="0.006" asserts="0" >
              <categories>
                <category name="jsonrpc" />
              </categories>
            </test-case>
            <test-case name="TestRequest_NamedParams_S_I_ret_S" executed="True" result="Success" success="True" time="0.020" asserts="0" >
              <categories>
                <category name="jsonrpc" />
              </categories>
            </test-case>
            <test-case name="TestRequestWithParams_I_I_ret_A" executed="True" result="Success" success="True" time="0.032" asserts="0" >
              <categories>
                <category name="jsonrpc" />
              </categories>
            </test-case>
            <test-case name="TestRequestWithParams_DT_T_ret_DT" executed="True" result="Success" success="True" time="0.004" asserts="0" >
              <categories>
                <category name="jsonrpc" />
              </categories>
            </test-case>
            <test-case name="TestRequestWithObjectParameters" executed="True" result="Success" success="True" time="0.004" asserts="0" >
              <categories>
                <category name="jsonrpc" />
              </categories>
            </test-case>
            <test-case name="TestRequestWithException" executed="True" result="Success" success="True" time="0.005" asserts="0" >
              <categories>
                <category name="jsonrpc" />
              </categories>
            </test-case>
            <test-case name="TestHooks" executed="True" result="Success" success="True" time="0.005" asserts="0" >
              <categories>
                <category name="jsonrpc" />
              </categories>
            </test-case>
            <test-case name="TestHooksWhenMethodRaisesError" executed="True" result="Success" success="True" time="0.004" asserts="0" >
              <categories>
                <category name="jsonrpc" />
              </categories>
            </test-case>
            <test-case name="TestHooksWhenOnAfterCallHookRaisesError" executed="True" result="Success" success="True" time="0.018" asserts="0" >
              <categories>
                <category name="jsonrpc" />
              </categories>
            </test-case>
            <test-case name="TestHooksNotif" executed="True" result="Success" success="True" time="0.002" asserts="0" >
              <categories>
                <category name="jsonrpc" />
              </categories>
            </test-case>
            <test-case name="TestHooksNotifWhenOnBeforeRoutingHookRaisesError" executed="True" result="Success" success="True" time="0.002" asserts="0" >
              <categories>
                <category name="jsonrpc" />
              </categories>
            </test-case>
            <test-case name="TestHooksNotifWhenOnBeforeCallHookRaisesError" executed="True" result="Success" success="True" time="0.002" asserts="0" >
              <categories>
                <category name="jsonrpc" />
              </categories>
            </test-case>
            <test-case name="TestHooksNotifWhenOnAfterCallHookRaisesError" executed="True" result="Success" success="True" time="0.002" asserts="0" >
              <categories>
                <category name="jsonrpc" />
              </categories>
            </test-case>
            <test-case name="TestHooksWhenOnBeforeCallHookRaisesError" executed="True" result="Success" success="True" time="0.002" asserts="0" >
              <categories>
                <category name="jsonrpc" />
              </categories>
            </test-case>
            <test-case name="TestHooksWhenOnBeforeRoutingHookRaisesError" executed="True" result="Success" success="True" time="0.019" asserts="0" >
              <categories>
                <category name="jsonrpc" />
              </categories>
            </test-case>
            <test-case name="TestRequest_NoParams_SingleRecordAsResult" executed="True" result="Success" success="True" time="0.004" asserts="0" >
              <categories>
                <category name="jsonrpc" />
              </categories>
            </test-case>
            <test-case name="TestRequest_NoParams_SingleComplexRecordAsResult" executed="True" result="Success" success="True" time="0.005" asserts="0" >
              <categories>
                <category name="jsonrpc" />
              </categories>
            </test-case>
            <test-case name="TestRequest_Echo_SingleRecordAsResult" executed="True" result="Success" success="True" time="0.003" asserts="0" >
              <categories>
                <category name="jsonrpc" />
              </categories>
            </test-case>
            <test-case name="TestRequest_Echo_ComplexRecord" executed="True" result="Success" success="True" time="0.003" asserts="0" >
              <categories>
                <category name="jsonrpc" />
              </categories>
            </test-case>
            <test-case name="TestRequest_Echo_ComplexRecords" executed="True" result="Success" success="True" time="0.006" asserts="0" >
              <categories>
                <category name="jsonrpc" />
              </categories>
            </test-case>
            <test-case name="TestRequest_NoParams_DynamicArrayOfRecordAsResult" executed="True" result="Success" success="True" time="0.002" asserts="0" >
              <categories>
                <category name="jsonrpc" />
              </categories>
            </test-case>
            <test-case name="TestEnum" executed="True" result="Success" success="True" time="0.001" asserts="0" >
              <categories>
                <category name="jsonrpc" />
              </categories>
            </test-case>
            <test-case name="TestInvalidEnum" executed="True" result="Success" success="True" time="0.003" asserts="0" >
              <categories>
                <category name="jsonrpc" />
              </categories>
            </test-case>
            <test-case name="TestSet" executed="True" result="Success" success="True" time="0.002" asserts="0" >
              <categories>
                <category name="jsonrpc" />
              </categories>
            </test-case>
            <test-case name="TestInvalidSet" executed="True" result="Success" success="True" time="0.002" asserts="0" >
              <categories>
                <category name="jsonrpc" />
              </categories>
            </test-case>
            <test-case name="TestGetTCustomer_ISSUE648" executed="True" result="Success" success="True" time="0.002" asserts="0" >
              <categories>
                <category name="jsonrpc" />
              </categories>
            </test-case>
          </results>
        </test-suite>
        <test-suite type="Namespace" name="ActiveRecordControllerTestU" executed="true" result="Success" success="True" time="13.757" asserts="0" >
          <results>
              <test-suite type="Fixture" name="TTestActiveRecordController" executed="True" result="Success" success="True" time="13.757" >
                <results>
                  <test-case name="TestGetAll" executed="True" result="Success" success="True" time="0.015" asserts="0" />
                  <test-case name="TestCRUD" executed="True" result="Success" success="True" time="0.019" asserts="0" />
                  <test-case name="TestDelete" executed="True" result="Success" success="True" time="0.027" asserts="0" />
                </results>
              </test-suite>
          </results>
        </test-suite>
        <test-suite type="Fixture" name="TTestActiveRecordSQLite" executed="True" result="Success" success="True" time="13.528" >
          <results>
            <test-case name="TestCRUD" executed="True" result="Success" success="True" time="0.002" asserts="0" />
            <test-case name="TestRefresh" executed="True" result="Success" success="True" time="0.002" asserts="0" />
            <test-case name="Test_ISSUE485" executed="True" result="Success" success="True" time="0.002" asserts="0" />
            <test-case name="TestDeleteIfNotFound" executed="True" result="Success" success="True" time="0.002" asserts="0" />
            <test-case name="TestUpdateIfNotFound" executed="True" result="Success" success="True" time="0.002" asserts="0" />
            <test-case name="TestCRUDWithSpaces" executed="True" result="Success" success="True" time="0.002" asserts="0" />
            <test-case name="TestCRUDWithGUID" executed="True" result="Success" success="True" time="0.002" asserts="0" />
            <test-case name="TestCRUDWithTableChange" executed="True" result="Success" success="True" time="0.001" asserts="0" />
            <test-case name="TestCRUDStringPK" executed="True" result="Success" success="True" time="0.002" asserts="0" />
            <test-case name="TestSelectWithExceptions" executed="True" result="Success" success="True" time="0.002" asserts="0" />
            <test-case name="TestStore" executed="True" result="Success" success="True" time="0.001" asserts="0" />
            <test-case name="TestLifeCycle" executed="True" result="Success" success="True" time="0.000" asserts="0" />
            <test-case name="TestRQL" executed="True" result="Success" success="True" time="0.636" asserts="0" />
            <test-case name="TestRQLWithMVCNameAsAttribute" executed="True" result="Success" success="True" time="0.496" asserts="0" />
            <test-case name="TestRQLWithBoolean" executed="True" result="Success" success="True" time="0.002" asserts="0" />
            <test-case name="TestRQLWithDateTime" executed="True" result="Success" success="True" time="0.700" asserts="0" />
            <test-case name="TestRQLWithGUID" executed="True" result="Success" success="True" time="0.461" asserts="0" />
            <test-case name="TestRQLLimit" executed="True" result="Success" success="True" time="0.468" asserts="0" />
            <test-case name="TestIssue424" executed="True" result="Success" success="True" time="0.536" asserts="0" />
            <test-case name="TestMultiThreading" executed="True" result="Success" success="True" time="0.544" asserts="0" />
            <test-case name="TestNullables" executed="True" result="Success" success="True" time="0.002" asserts="0" />
            <test-case name="TestMergeWhenNewRecords" executed="True" result="Success" success="True" time="0.021" asserts="0" />
            <test-case name="TestMergeWhenNewDeletedRecords" executed="True" result="Success" success="True" time="0.058" asserts="0" />
            <test-case name="TestMergeWhenChangedRecords" executed="True" result="Success" success="True" time="0.023" asserts="0" />
            <test-case name="TestMergeWhenMixedRecords" executed="True" result="Success" success="True" time="0.056" asserts="0" />
            <test-case name="TestDefaultFilteringSelectByRQL" executed="True" result="Success" success="True" time="0.003" asserts="0" />
            <test-case name="TestDefaultFilteringSelectOneByRQL" executed="True" result="Success" success="True" time="0.002" asserts="0" />
            <test-case name="TestDefaultFilteringCount" executed="True" result="Success" success="True" time="0.002" asserts="0" />
            <test-case name="TestDefaultFilteringCountByRQL" executed="True" result="Success" success="True" time="0.002" asserts="0" />
            <test-case name="TestDefaultFilteringDeleteByRQL" executed="True" result="Success" success="True" time="0.001" asserts="0" />
            <test-case name="TestDefaultFilteringDelete" executed="True" result="Success" success="True" time="0.001" asserts="0" />
            <test-case name="TestDefaultFilteringGetByPK" executed="True" result="Success" success="True" time="0.003" asserts="0" />
            <test-case name="TestPartitioningCRUD" executed="True" result="Success" success="True" time="0.002" asserts="0" />
            <test-case name="TestPartitioningSelectByWhere" executed="True" result="Success" success="True" time="0.001" asserts="0" />
            <test-case name="TestPartitioningSelectByRQL" executed="True" result="Success" success="True" time="0.001" asserts="0" />
            <test-case name="TestPartitioningSelectOneByRQL" executed="True" result="Success" success="True" time="0.002" asserts="0" />
            <test-case name="TestPartitioningCount" executed="True" result="Success" success="True" time="0.001" asserts="0" />
            <test-case name="TestPartitioningCountByRQL" executed="True" result="Success" success="True" time="0.001" asserts="0" />
            <test-case name="TestPartitioningDeleteByRQL" executed="True" result="Success" success="True" time="0.002" asserts="0" />
            <test-case name="TestPartitioningDelete" executed="True" result="Success" success="True" time="0.001" asserts="0" />
            <test-case name="TestPartitioningGetByPK" executed="True" result="Success" success="True" time="0.001" asserts="0" />
          </results>
        </test-suite>
        <test-suite type="Namespace" name="MVCFramework" executed="true" result="Success" success="True" time="9.394" asserts="0" >
          <results>
              <test-suite type="Fixture" name="TTestRESTClient" executed="True" result="Success" success="True" time="9.394" >
                <results>
                  <test-case name="TestCreateAndDestroy" executed="True" result="Success" success="True" time="0.000" asserts="0" />
                  <test-case name="TestInformation" executed="True" result="Success" success="True" time="0.000" asserts="0" />
                  <test-case name="TestHelloWorld" executed="True" result="Success" success="True" time="0.004" asserts="0" />
                  <test-case name="TestGetUser" executed="True" result="Success" success="True" time="0.005" asserts="0" />
                  <test-case name="TestPostUser" executed="True" result="Success" success="True" time="0.004" asserts="0" />
                  <test-case name="TestPostUsers" executed="True" result="Success" success="True" time="0.026" asserts="0" />
                  <test-case name="TestGetUsers" executed="True" result="Success" success="True" time="0.006" asserts="0" />
                  <test-case name="TestUploadFile" executed="True" result="Success" success="True" time="0.021" asserts="0" />
                  <test-case name="TestBodyURLEncoded" executed="True" result="Success" success="True" time="0.003" asserts="0" />
                  <test-case name="TestRequestHooksProc" executed="True" result="Success" success="True" time="0.004" asserts="0" />
                </results>
              </test-suite>
          </results>
        </test-suite>
        <test-suite type="Fixture" name="TTestDotEnv" executed="True" result="Success" success="True" time="8.292" >
          <results>
            <test-case name="TestWithoutProfiles" executed="True" result="Success" success="True" time="0.001" asserts="0" />
            <test-case name="TestWithDevProfile" executed="True" result="Success" success="True" time="0.001" asserts="0" />
            <test-case name="TestWithDevAndTestProfile" executed="True" result="Success" success="True" time="0.001" asserts="0" />
          </results>
        </test-suite>
        <test-suite type="Fixture" name="TTestCryptUtils" executed="True" result="Success" success="True" time="8.289" >
          <results>
            <test-case name="TestPBKDF2_SHA1" executed="True" result="Success" success="True" time="0.021" asserts="0" />
            <test-case name="TestPBKDF2_SHA256" executed="True" result="Success" success="True" time="0.000" asserts="0" />
          </results>
        </test-suite>
        <test-suite type="Fixture" name="TTestActiveRecordFirebird" executed="True" result="Success" success="True" time="7.810" >
          <results>
            <test-case name="TestCRUD" executed="True" result="Success" success="True" time="0.009" asserts="0" />
            <test-case name="TestRefresh" executed="True" result="Success" success="True" time="0.002" asserts="0" />
            <test-case name="Test_ISSUE485" executed="True" result="Success" success="True" time="0.004" asserts="0" />
            <test-case name="TestDeleteIfNotFound" executed="True" result="Success" success="True" time="0.002" asserts="0" />
            <test-case name="TestUpdateIfNotFound" executed="True" result="Success" success="True" time="0.005" asserts="0" />
            <test-case name="TestCRUDWithSpaces" executed="True" result="Success" success="True" time="0.009" asserts="0" />
            <test-case name="TestCRUDWithGUID" executed="True" result="Success" success="True" time="0.007" asserts="0" />
            <test-case name="TestCRUDWithTableChange" executed="True" result="Success" success="True" time="0.008" asserts="0" />
            <test-case name="TestCRUDStringPK" executed="True" result="Success" success="True" time="0.008" asserts="0" />
            <test-case name="TestSelectWithExceptions" executed="True" result="Success" success="True" time="0.003" asserts="0" />
            <test-case name="TestStore" executed="True" result="Success" success="True" time="0.003" asserts="0" />
            <test-case name="TestLifeCycle" executed="True" result="Success" success="True" time="0.005" asserts="0" />
            <test-case name="TestRQL" executed="True" result="Success" success="True" time="0.635" asserts="0" />
            <test-case name="TestRQLWithMVCNameAsAttribute" executed="True" result="Success" success="True" time="0.603" asserts="0" />
            <test-case name="TestRQLWithBoolean" executed="True" result="Success" success="True" time="0.005" asserts="0" />
            <test-case name="TestRQLWithDateTime" executed="True" result="Success" success="True" time="0.648" asserts="0" />
            <test-case name="TestRQLWithGUID" executed="True" result="Success" success="True" time="0.603" asserts="0" />
            <test-case name="TestRQLLimit" executed="True" result="Success" success="True" time="0.566" asserts="0" />
            <test-case name="TestIssue424" executed="True" result="Success" success="True" time="0.741" asserts="0" />
            <test-case name="TestMultiThreading" executed="True" result="Success" success="True" time="0.728" asserts="0" />
            <test-case name="TestNullables" executed="True" result="Success" success="True" time="0.006" asserts="0" />
            <test-case name="TestMergeWhenNewRecords" executed="True" result="Success" success="True" time="0.084" asserts="0" />
            <test-case name="TestMergeWhenNewDeletedRecords" executed="True" result="Success" success="True" time="0.082" asserts="0" />
            <test-case name="TestMergeWhenChangedRecords" executed="True" result="Success" success="True" time="0.087" asserts="0" />
            <test-case name="TestMergeWhenMixedRecords" executed="True" result="Success" success="True" time="0.091" asserts="0" />
            <test-case name="TestDefaultFilteringSelectByRQL" executed="True" result="Success" success="True" time="0.013" asserts="0" />
            <test-case name="TestDefaultFilteringSelectOneByRQL" executed="True" result="Success" success="True" time="0.013" asserts="0" />
            <test-case name="TestDefaultFilteringCount" executed="True" result="Success" success="True" time="0.009" asserts="0" />
            <test-case name="TestDefaultFilteringCountByRQL" executed="True" result="Success" success="True" time="0.007" asserts="0" />
            <test-case name="TestDefaultFilteringDeleteByRQL" executed="True" result="Success" success="True" time="0.011" asserts="0" />
            <test-case name="TestDefaultFilteringDelete" executed="True" result="Success" success="True" time="0.013" asserts="0" />
            <test-case name="TestDefaultFilteringGetByPK" executed="True" result="Success" success="True" time="0.015" asserts="0" />
            <test-case name="TestPartitioningCRUD" executed="True" result="Success" success="True" time="0.010" asserts="0" />
            <test-case name="TestPartitioningSelectByWhere" executed="True" result="Success" success="True" time="0.005" asserts="0" />
            <test-case name="TestPartitioningSelectByRQL" executed="True" result="Success" success="True" time="0.011" asserts="0" />
            <test-case name="TestPartitioningSelectOneByRQL" executed="True" result="Success" success="True" time="0.011" asserts="0" />
            <test-case name="TestPartitioningCount" executed="True" result="Success" success="True" time="0.008" asserts="0" />
            <test-case name="TestPartitioningCountByRQL" executed="True" result="Success" success="True" time="0.011" asserts="0" />
            <test-case name="TestPartitioningDeleteByRQL" executed="True" result="Success" success="True" time="0.010" asserts="0" />
            <test-case name="TestPartitioningDelete" executed="True" result="Success" success="True" time="0.005" asserts="0" />
            <test-case name="TestPartitioningGetByPK" executed="True" result="Success" success="True" time="0.014" asserts="0" />
          </results>
        </test-suite>
        <test-suite type="Namespace" name="IntfObjectPoolTestU" executed="true" result="Success" success="True" time="2.289" asserts="0" >
          <results>
              <test-suite type="Fixture" name="TTestTIntfObjectPool" executed="True" result="Success" success="True" time="2.289" >
                <results>
                  <test-case name="TestFixedSize" executed="True" result="Success" success="True" time="0.000" asserts="0" />
                  <test-case name="TestGrowing" executed="True" result="Success" success="True" time="0.000" asserts="0" />
                  <test-case name="TestFactory" executed="True" result="Success" success="True" time="0.000" asserts="0" />
                  <test-case name="TestMultiThreading" executed="True" result="Success" success="True" time="1.006" asserts="0" />
                  <test-case name="TestRaiseExceptionWhenPoolIsEmpty" executed="True" result="Success" success="True" time="0.000" asserts="0" />
                  <test-case name="TestNotRaiseExceptionWhenPoolIsEmpty" executed="True" result="Success" success="True" time="0.000" asserts="0" />
                </results>
              </test-suite>
          </results>
        </test-suite>
        <test-suite type="Fixture" name="TJSONRPCServerTest" executed="True" result="Success" success="True" time="1.281" >
          <categories>
            <category name="jsonrpc" />
          </categories>
          <results>
            <test-case name="TestRequestWithoutParams" executed="True" result="Success" success="True" time="0.003" asserts="0" >
              <categories>
                <category name="jsonrpc" />
              </categories>
            </test-case>
            <test-case name="TestNotificationWithoutParams" executed="True" result="Success" success="True" time="0.004" asserts="0" >
              <categories>
                <category name="jsonrpc" />
              </categories>
            </test-case>
            <test-case name="TestNotificationWhichRaisesError" executed="True" result="Success" success="True" time="0.003" asserts="0" >
              <categories>
                <category name="jsonrpc" />
              </categories>
            </test-case>
            <test-case name="TestRequestToNotFoundMethod" executed="True" result="Success" success="True" time="0.002" asserts="0" >
              <categories>
                <category name="jsonrpc" />
              </categories>
            </test-case>
            <test-case name="TestRequestWithParams_I_I_ret_I" executed="True" result="Success" success="True" time="0.005" asserts="0" >
              <categories>
                <category name="jsonrpc" />
              </categories>
            </test-case>
            <test-case name="TestRequestWithNamedParams_I_I_ret_I" executed="True" result="Success" success="True" time="0.004" asserts="0" >
              <categories>
                <category name="jsonrpc" />
              </categories>
            </test-case>
            <test-case name="TestRequestWithParams_I_I_I_ret_O" executed="True" result="Success" success="True" time="0.005" asserts="0" >
              <categories>
                <category name="jsonrpc" />
              </categories>
            </test-case>
            <test-case name="TestRequestWithNamedParams_I_I_I_ret_O" executed="True" result="Success" success="True" time="0.004" asserts="0" >
              <categories>
                <category name="jsonrpc" />
              </categories>
            </test-case>
            <test-case name="TestRequestWithWrongNamedParams" executed="True" result="Success" success="True" time="0.002" asserts="0" >
              <categories>
                <category name="jsonrpc" />
              </categories>
            </test-case>
            <test-case name="TestRequest_S_I_ret_S" executed="True" result="Success" success="True" time="0.003" asserts="0" >
              <categories>
                <category name="jsonrpc" />
              </categories>
            </test-case>
            <test-case name="TestRequest_NamedParams_S_I_ret_S" executed="True" result="Success" success="True" time="0.003" asserts="0" >
              <categories>
                <category name="jsonrpc" />
              </categories>
            </test-case>
            <test-case name="TestRequestWithParams_I_I_ret_A" executed="True" result="Success" success="True" time="0.018" asserts="0" >
              <categories>
                <category name="jsonrpc" />
              </categories>
            </test-case>
            <test-case name="TestRequestWithParams_DT_T_ret_DT" executed="True" result="Success" success="True" time="0.003" asserts="0" >
              <categories>
                <category name="jsonrpc" />
              </categories>
            </test-case>
            <test-case name="TestRequestWithObjectParameters" executed="True" result="Success" success="True" time="0.004" asserts="0" >
              <categories>
                <category name="jsonrpc" />
              </categories>
            </test-case>
            <test-case name="TestRequestWithException" executed="True" result="Success" success="True" time="0.002" asserts="0" >
              <categories>
                <category name="jsonrpc" />
              </categories>
            </test-case>
            <test-case name="TestHooks" executed="True" result="Success" success="True" time="0.019" asserts="0" >
              <categories>
                <category name="jsonrpc" />
              </categories>
            </test-case>
            <test-case name="TestHooksWhenMethodRaisesError" executed="True" result="Success" success="True" time="0.015" asserts="0" >
              <categories>
                <category name="jsonrpc" />
              </categories>
            </test-case>
            <test-case name="TestHooksWhenOnAfterCallHookRaisesError" executed="True" result="Success" success="True" time="0.003" asserts="0" >
              <categories>
                <category name="jsonrpc" />
              </categories>
            </test-case>
            <test-case name="TestHooksNotif" executed="True" result="Success" success="True" time="0.003" asserts="0" >
              <categories>
                <category name="jsonrpc" />
              </categories>
            </test-case>
            <test-case name="TestHooksNotifWhenOnBeforeRoutingHookRaisesError" executed="True" result="Success" success="True" time="0.026" asserts="0" >
              <categories>
                <category name="jsonrpc" />
              </categories>
            </test-case>
            <test-case name="TestHooksNotifWhenOnBeforeCallHookRaisesError" executed="True" result="Success" success="True" time="0.003" asserts="0" >
              <categories>
                <category name="jsonrpc" />
              </categories>
            </test-case>
            <test-case name="TestHooksNotifWhenOnAfterCallHookRaisesError" executed="True" result="Success" success="True" time="0.003" asserts="0" >
              <categories>
                <category name="jsonrpc" />
              </categories>
            </test-case>
            <test-case name="TestHooksWhenOnBeforeCallHookRaisesError" executed="True" result="Success" success="True" time="0.004" asserts="0" >
              <categories>
                <category name="jsonrpc" />
              </categories>
            </test-case>
            <test-case name="TestHooksWhenOnBeforeRoutingHookRaisesError" executed="True" result="Success" success="True" time="0.002" asserts="0" >
              <categories>
                <category name="jsonrpc" />
              </categories>
            </test-case>
            <test-case name="TestRequest_NoParams_SingleRecordAsResult" executed="True" result="Success" success="True" time="0.017" asserts="0" >
              <categories>
                <category name="jsonrpc" />
              </categories>
            </test-case>
            <test-case name="TestRequest_NoParams_SingleComplexRecordAsResult" executed="True" result="Success" success="True" time="0.004" asserts="0" >
              <categories>
                <category name="jsonrpc" />
              </categories>
            </test-case>
            <test-case name="TestRequest_Echo_SingleRecordAsResult" executed="True" result="Success" success="True" time="0.028" asserts="0" >
              <categories>
                <category name="jsonrpc" />
              </categories>
            </test-case>
            <test-case name="TestRequest_Echo_ComplexRecord" executed="True" result="Success" success="True" time="0.008" asserts="0" >
              <categories>
                <category name="jsonrpc" />
              </categories>
            </test-case>
            <test-case name="TestRequest_Echo_ComplexRecords" executed="True" result="Success" success="True" time="0.005" asserts="0" >
              <categories>
                <category name="jsonrpc" />
              </categories>
            </test-case>
            <test-case name="TestRequest_NoParams_DynamicArrayOfRecordAsResult" executed="True" result="Success" success="True" time="0.015" asserts="0" >
              <categories>
                <category name="jsonrpc" />
              </categories>
            </test-case>
            <test-case name="TestEnum" executed="True" result="Success" success="True" time="0.004" asserts="0" >
              <categories>
                <category name="jsonrpc" />
              </categories>
            </test-case>
            <test-case name="TestInvalidEnum" executed="True" result="Success" success="True" time="0.003" asserts="0" >
              <categories>
                <category name="jsonrpc" />
              </categories>
            </test-case>
            <test-case name="TestSet" executed="True" result="Success" success="True" time="0.003" asserts="0" >
              <categories>
                <category name="jsonrpc" />
              </categories>
            </test-case>
            <test-case name="TestInvalidSet" executed="True" result="Success" success="True" time="0.002" asserts="0" >
              <categories>
                <category name="jsonrpc" />
              </categories>
            </test-case>
            <test-case name="TestGetTCustomer_ISSUE648" executed="True" result="Success" success="True" time="0.002" asserts="0" >
              <categories>
                <category name="jsonrpc" />
              </categories>
            </test-case>
          </results>
        </test-suite>
        <test-suite type="Namespace" name="ObjectPoolTestU" executed="true" result="Success" success="True" time="1.036" asserts="0" >
          <results>
              <test-suite type="Fixture" name="TTestTObjectPool" executed="True" result="Success" success="True" time="1.036" >
                <results>
                  <test-case name="TestFixedSize" executed="True" result="Success" success="True" time="0.000" asserts="0" />
                  <test-case name="TestGrowing" executed="True" result="Success" success="True" time="0.000" asserts="0" />
                  <test-case name="TestFactory" executed="True" result="Success" success="True" time="0.000" asserts="0" />
                  <test-case name="TestMultiThreading" executed="True" result="Success" success="True" time="1.004" asserts="0" />
                  <test-case name="TestRaiseExceptionWhenPoolIsEmpty" executed="True" result="Success" success="True" time="0.000" asserts="0" />
                  <test-case name="TestNotRaiseExceptionWhenPoolIsEmpty" executed="True" result="Success" success="True" time="0.000" asserts="0" />
                </results>
              </test-suite>
          </results>
        </test-suite>
        <test-suite type="Namespace" name="Serializers" executed="true" result="Success" success="True" time="0.032" asserts="0" >
          <results>
              <test-suite type="Fixture" name="TMVCTestSerializerJsonDataObjects" executed="True" result="Success" success="True" time="0.032" >
                <results>
                  <test-case name="TestSerializeAllTypes" executed="True" result="Success" success="True" time="0.001" asserts="0" />
                  <test-case name="TestSerializeDateTimeProperty" executed="True" result="Success" success="True" time="0.000" asserts="0" />
                  <test-case name="TestSerializeAllNullableTypes" executed="True" result="Success" success="True" time="0.000" asserts="0" />
                  <test-case name="TestSerializeAllTypesInList" executed="True" result="Success" success="True" time="0.002" asserts="0" />
                  <test-case name="TestSerializeEntity" executed="True" result="Success" success="True" time="0.001" asserts="0" />
                  <test-case name="TestSerializeNil" executed="True" result="Success" success="True" time="0.000" asserts="0" />
                  <test-case name="TestSerializeEntityUpperCaseNames" executed="True" result="Success" success="True" time="0.000" asserts="0" />
                  <test-case name="TestSerializeEntityWithArray" executed="True" result="Success" success="True" time="0.000" asserts="0" />
                  <test-case name="TestSerializeEntityLowerCaseNames" executed="True" result="Success" success="True" time="0.000" asserts="0" />
                  <test-case name="TestSerializeEntityNameAs" executed="True" result="Success" success="True" time="0.000" asserts="0" />
                  <test-case name="TestSerializeEntityCustomSerializer" executed="True" result="Success" success="True" time="0.000" asserts="0" />
                  <test-case name="TestSerializeEntityCustomMemberSerializer" executed="True" result="Success" success="True" time="0.000" asserts="0" />
                  <test-case name="TestSerializeEntitySerializationType" executed="True" result="Success" success="True" time="0.000" asserts="0" />
                  <test-case name="TestSerializeCollection" executed="True" result="Success" success="True" time="0.000" asserts="0" />
                  <test-case name="TestSerializeDataSet" executed="True" result="Success" success="True" time="0.002" asserts="0" />
                  <test-case name="TestDataSetHelpers" executed="True" result="Success" success="True" time="0.001" asserts="0" >
                    <categories>
                      <category name="datasets" />
                    </categories>
                  </test-case>
                  <test-case name="TestDeserializeEntity" executed="True" result="Success" success="True" time="0.000" asserts="0" />
                  <test-case name="TestDeserializeEntityCustomSerializer" executed="True" result="Success" success="True" time="0.000" asserts="0" />
                  <test-case name="TestDeserializeEntityCustomValueTypeSerializer" executed="True" result="Success" success="True" time="0.000" asserts="0" />
                  <test-case name="TestDeserializeEntityCustomMemberSerializer" executed="True" result="Success" success="True" time="0.000" asserts="0" />
                  <test-case name="TestDeserializeEntitySerializationType" executed="True" result="Success" success="True" time="0.000" asserts="0" />
                  <test-case name="TestDeserializeCollection" executed="True" result="Success" success="True" time="0.001" asserts="0" />
                  <test-case name="TestDeserializeDataSet" executed="True" result="Success" success="True" time="0.001" asserts="0" />
                  <test-case name="TestSerializeEmptyDataSet" executed="True" result="Success" success="True" time="0.000" asserts="0" />
                  <test-case name="TestDeserializeEntityWithArray" executed="True" result="Success" success="True" time="0.000" asserts="0" />
                  <test-case name="TestSerializeDeSerializeEntityWithEnums" executed="True" result="Success" success="True" time="0.000" asserts="0" />
                  <test-case name="TestSerializeDeSerializeEntityWithSet" executed="True" result="Success" success="True" time="0.001" asserts="0" />
                  <test-case name="TestStringDictionary" executed="True" result="Success" success="True" time="0.000" asserts="0" />
                  <test-case name="TestSerializeDeserializeGuid" executed="True" result="Success" success="True" time="0.000" asserts="0" />
                  <test-case name="TestSerializeDeserializeEntityWithInterface" executed="True" result="Success" success="True" time="0.000" asserts="0" />
                  <test-case name="TestSerializeDeserializeGenericEntity" executed="True" result="Success" success="True" time="0.000" asserts="0" />
                  <test-case name="TestSerializeDeserializeMultipleGenericEntity" executed="True" result="Success" success="True" time="0.001" asserts="0" />
                  <test-case name="TestDoNotSerializeDoNotDeSerialize" executed="True" result="Success" success="True" time="0.000" asserts="0" />
                  <test-case name="TestSerializeListOfSomething" executed="True" result="Success" success="True" time="0.000" asserts="0" >
                    <categories>
                      <category name="serializers" />
                    </categories>
                  </test-case>
                  <test-case name="TestSerializeListWithNulls" executed="True" result="Success" success="True" time="0.000" asserts="0" >
                    <categories>
                      <category name="serializers" />
                    </categories>
                  </test-case>
                  <test-case name="TestSerializeListWithNulls2" executed="True" result="Success" success="True" time="0.000" asserts="0" >
                    <categories>
                      <category name="serializers" />
                    </categories>
                  </test-case>
                  <test-case name="TestDeserializeOwnedProperty_WithPropertyUnassigned_JSONExists" executed="True" result="Success" success="True" time="0.000" asserts="0" >
                    <categories>
                      <category name="serializers" />
                    </categories>
                  </test-case>
                  <test-case name="TestDeserializeOwnedProperty_WithPropertyAssigned_JSONExists" executed="True" result="Success" success="True" time="0.000" asserts="0" >
                    <categories>
                      <category name="serializers" />
                    </categories>
                  </test-case>
                  <test-case name="TestDeserializeOwnedProperty_WithPropertyAssigned_JSONNull" executed="True" result="Success" success="True" time="0.000" asserts="0" >
                    <categories>
                      <category name="serializers" />
                    </categories>
                  </test-case>
                  <test-case name="TestDeserializeOwnedProperty_WithPropertyAssigned_JSONNotExists" executed="True" result="Success" success="True" time="0.000" asserts="0" >
                    <categories>
                      <category name="serializers" />
                    </categories>
                  </test-case>
                  <test-case name="TestDeserializeOwnedProperty_WithPropertyUnAssigned_JSONNull" executed="True" result="Success" success="True" time="0.000" asserts="0" >
                    <categories>
                      <category name="serializers" />
                    </categories>
                  </test-case>
                  <test-case name="TestDeserializeOwnedProperty_WithFieldsUnassigned_JSONExists" executed="True" result="Success" success="True" time="0.000" asserts="0" >
                    <categories>
                      <category name="serializers" />
                    </categories>
                  </test-case>
                  <test-case name="TestDeserializeOwnedField_WithFieldsAssigned_JSONNull" executed="True" result="Success" success="True" time="0.000" asserts="0" >
                    <categories>
                      <category name="serializers" />
                    </categories>
                  </test-case>
                  <test-case name="TestDeserializeOwnedProperty_WithPropertyUnassigned_JSONExists_Polimorphic" executed="True" result="Success" success="True" time="0.000" asserts="0" >
                    <categories>
                      <category name="serializers" />
                    </categories>
                  </test-case>
                </results>
              </test-suite>
          </results>
        </test-suite>
        <test-suite type="Fixture" name="TTestRouting" executed="True" result="Success" success="True" time="0.017" >
          <results>
            <test-case name="TestWithNoParameters" executed="True" result="Success" success="True" time="0.000" asserts="0" />
            <test-case name="TestWithNoPath" executed="True" result="Success" success="True" time="0.000" asserts="0" />
            <test-case name="TestPathButNoParameters" executed="True" result="Success" success="True" time="0.000" asserts="0" />
            <test-case name="TestPathWithParameters" executed="True" result="Success" success="True" time="0.000" asserts="0" />
            <test-case name="TestWithMethodTypes" executed="True" result="Success" success="True" time="0.004" asserts="0" />
            <test-case name="TestComplexRoutings" executed="True" result="Success" success="True" time="0.003" asserts="0" />
            <test-case name="Test_ISSUE_338" executed="True" result="Success" success="True" time="0.002" asserts="0" >
              <categories>
                <category name="issues" />
              </categories>
            </test-case>
            <test-case name="Test_ISSUE_513_A" executed="True" result="Success" success="True" time="0.000" asserts="0" >
              <categories>
                <category name="issues" />
              </categories>
            </test-case>
            <test-case name="Test_ISSUE_513_B" executed="True" result="Success" success="True" time="0.000" asserts="0" >
              <categories>
                <category name="issues" />
              </categories>
            </test-case>
            <test-case name="Test_ISSUE_513_C" executed="True" result="Success" success="True" time="0.000" asserts="0" >
              <categories>
                <category name="issues" />
              </categories>
            </test-case>
            <test-case name="Test_ISSUE_492" executed="True" result="Success" success="True" time="0.002" asserts="0" >
              <categories>
                <category name="issues" />
              </categories>
            </test-case>
            <test-case name="TestProduceRoutings" executed="True" result="Success" success="True" time="0.000" asserts="0" />
            <test-case name="TestProduceRoutingsWithExplicitCharset" executed="True" result="Success" success="True" time="0.000" asserts="0" />
            <test-case name="TestPathPrefix" executed="True" result="Success" success="True" time="0.002" asserts="0" />
            <test-case name="TestReservedIPs" executed="True" result="Success" success="True" time="0.000" asserts="0" />
          </results>
        </test-suite>
    </results>
  </test-suite>
</test-results>
